<?xml version="1.0" encoding="UTF-8"?>
<testng-results total="1" passed="1" failed="0" skipped="0">
  <reporter-output>
  </reporter-output>
  <suite started-at="2020-12-02T13:43:52Z" name="Default suite" finished-at="2020-12-02T13:46:17Z" duration-ms="144479">
    <groups>
      <group name="cucumber">
        <method signature="AbstractTestNGCucumberTests.feature(cucumber.api.testng.CucumberFeatureWrapper)[pri:0, instance:runner.Sprint1Runner@74d1dc36]" name="feature" class="cucumber.api.testng.AbstractTestNGCucumberTests"/>
      </group> <!-- cucumber -->
    </groups>
    <test started-at="2020-12-02T13:43:52Z" name="Default test" finished-at="2020-12-02T13:46:17Z" duration-ms="144479">
      <class name="runner.Sprint1Runner">
        <test-method is-config="true" signature="setUpClass()[pri:0, instance:runner.Sprint1Runner@74d1dc36]" started-at="2020-12-02T19:13:52Z" name="setUpClass" finished-at="2020-12-02T19:13:53Z" duration-ms="573" status="PASS">
          <reporter-output>
          </reporter-output>
        </test-method> <!-- setUpClass -->
        <test-method signature="feature(cucumber.api.testng.CucumberFeatureWrapper)[pri:0, instance:runner.Sprint1Runner@74d1dc36]" started-at="2020-12-02T19:13:53Z" name="feature" description="Runs Cucumber Feature" data-provider="features" finished-at="2020-12-02T19:16:16Z" duration-ms="142954" status="PASS">
          <params>
            <param index="0">
              <value>
                <![CDATA[EBAY 06 Help and Contact]]>
              </value>
            </param>
          </params>
          <reporter-output>
          </reporter-output>
        </test-method> <!-- feature -->
        <test-method is-config="true" signature="writeExtentReport()[pri:0, instance:runner.Sprint1Runner@74d1dc36]" started-at="2020-12-02T19:16:16Z" name="writeExtentReport" finished-at="2020-12-02T19:16:16Z" duration-ms="55" status="PASS">
          <reporter-output>
          </reporter-output>
        </test-method> <!-- writeExtentReport -->
        <test-method is-config="true" signature="tearDownClass()[pri:0, instance:runner.Sprint1Runner@74d1dc36]" started-at="2020-12-02T19:16:16Z" name="tearDownClass" finished-at="2020-12-02T19:16:17Z" duration-ms="701" status="PASS">
          <reporter-output>
          </reporter-output>
        </test-method> <!-- tearDownClass -->
      </class> <!-- runner.Sprint1Runner -->
    </test> <!-- Default test -->
  </suite> <!-- Default suite -->
</testng-results>
